<?xml version="1.0" encoding="UTF-8"?>
<coverage generated="1652315154323" clover="3.2.0">
  <project timestamp="1652315154323" name="All files">
    <metrics statements="51" coveredstatements="43" conditionals="8" coveredconditionals="7" methods="17" coveredmethods="12" elements="76" coveredelements="62" complexity="0" loc="51" ncloc="51" packages="5" files="11" classes="11"/>
    <package name="components">
      <metrics statements="0" coveredstatements="0" conditionals="0" coveredconditionals="0" methods="0" coveredmethods="0"/>
      <file name="index.ts" path="/home/runner/work/red-and-king-components/red-and-king-components/src/components/index.ts">
        <metrics statements="0" coveredstatements="0" conditionals="0" coveredconditionals="0" methods="0" coveredmethods="0"/>
      </file>
    </package>
    <package name="components.Button">
      <metrics statements="19" coveredstatements="19" conditionals="6" coveredconditionals="5" methods="5" coveredmethods="5"/>
      <file name="Button.stories.tsx" path="/home/runner/work/red-and-king-components/red-and-king-components/src/components/Button/Button.stories.tsx">
        <metrics statements="7" coveredstatements="7" conditionals="0" coveredconditionals="0" methods="1" coveredmethods="1"/>
        <line num="22" count="3" type="stmt"/>
        <line num="24" count="1" type="stmt"/>
        <line num="25" count="1" type="stmt"/>
        <line num="30" count="1" type="stmt"/>
        <line num="31" count="1" type="stmt"/>
        <line num="37" count="1" type="stmt"/>
        <line num="38" count="1" type="stmt"/>
      </file>
      <file name="Button.tsx" path="/home/runner/work/red-and-king-components/red-and-king-components/src/components/Button/Button.tsx">
        <metrics statements="12" coveredstatements="12" conditionals="6" coveredconditionals="5" methods="4" coveredmethods="4"/>
        <line num="14" count="2" type="stmt"/>
        <line num="16" count="11" type="cond" truecount="1" falsecount="0"/>
        <line num="18" count="11" type="stmt"/>
        <line num="25" count="11" type="cond" truecount="1" falsecount="0"/>
        <line num="27" count="11" type="stmt"/>
        <line num="34" count="11" type="cond" truecount="3" falsecount="1"/>
        <line num="36" count="8" type="stmt"/>
        <line num="43" count="1" type="stmt"/>
        <line num="51" count="2" type="stmt"/>
        <line num="61" count="2" type="stmt"/>
        <line num="76" count="2" type="stmt"/>
        <line num="77" count="11" type="stmt"/>
      </file>
    </package>
    <package name="stories">
      <metrics statements="20" coveredstatements="14" conditionals="2" coveredconditionals="2" methods="8" coveredmethods="4"/>
      <file name="Header.stories.tsx" path="/home/runner/work/red-and-king-components/red-and-king-components/src/stories/Header.stories.tsx">
        <metrics statements="5" coveredstatements="5" conditionals="0" coveredconditionals="0" methods="1" coveredmethods="1"/>
        <line num="15" count="2" type="stmt"/>
        <line num="17" count="1" type="stmt"/>
        <line num="18" count="1" type="stmt"/>
        <line num="24" count="1" type="stmt"/>
        <line num="25" count="1" type="stmt"/>
      </file>
      <file name="Header.tsx" path="/home/runner/work/red-and-king-components/red-and-king-components/src/stories/Header.tsx">
        <metrics statements="2" coveredstatements="2" conditionals="2" coveredconditionals="2" methods="1" coveredmethods="1"/>
        <line num="17" count="1" type="stmt"/>
        <line num="23" count="4" type="stmt"/>
      </file>
      <file name="Page.stories.tsx" path="/home/runner/work/red-and-king-components/red-and-king-components/src/stories/Page.stories.tsx">
        <metrics statements="7" coveredstatements="4" conditionals="0" coveredconditionals="0" methods="2" coveredmethods="1"/>
        <line num="15" count="2" type="stmt"/>
        <line num="17" count="1" type="stmt"/>
        <line num="19" count="1" type="stmt"/>
        <line num="22" count="1" type="stmt"/>
        <line num="23" count="0" type="stmt"/>
        <line num="24" count="0" type="stmt"/>
        <line num="25" count="0" type="stmt"/>
      </file>
      <file name="Page.tsx" path="/home/runner/work/red-and-king-components/red-and-king-components/src/stories/Page.tsx">
        <metrics statements="6" coveredstatements="3" conditionals="0" coveredconditionals="0" methods="4" coveredmethods="1"/>
        <line num="10" count="1" type="stmt"/>
        <line num="11" count="2" type="stmt"/>
        <line num="13" count="2" type="stmt"/>
        <line num="17" count="0" type="stmt"/>
        <line num="18" count="0" type="stmt"/>
        <line num="19" count="0" type="stmt"/>
      </file>
    </package>
    <package name="styles">
      <metrics statements="5" coveredstatements="3" conditionals="0" coveredconditionals="0" methods="1" coveredmethods="0"/>
      <file name="GlobalStyles.tsx" path="/home/runner/work/red-and-king-components/red-and-king-components/src/styles/GlobalStyles.tsx">
        <metrics statements="2" coveredstatements="0" conditionals="0" coveredconditionals="0" methods="1" coveredmethods="0"/>
        <line num="3" count="0" type="stmt"/>
        <line num="13" count="0" type="stmt"/>
      </file>
      <file name="theme.ts" path="/home/runner/work/red-and-king-components/red-and-king-components/src/styles/theme.ts">
        <metrics statements="3" coveredstatements="3" conditionals="0" coveredconditionals="0" methods="0" coveredmethods="0"/>
        <line num="4" count="2" type="stmt"/>
        <line num="7" count="2" type="stmt"/>
        <line num="16" count="2" type="stmt"/>
      </file>
    </package>
    <package name="theming.colors">
      <metrics statements="7" coveredstatements="7" conditionals="0" coveredconditionals="0" methods="3" coveredmethods="3"/>
      <file name="Colors.stories.tsx" path="/home/runner/work/red-and-king-components/red-and-king-components/src/theming/colors/Colors.stories.tsx">
        <metrics statements="2" coveredstatements="2" conditionals="0" coveredconditionals="0" methods="1" coveredmethods="1"/>
        <line num="10" count="1" type="stmt"/>
        <line num="12" count="1" type="stmt"/>
      </file>
      <file name="Colors.tsx" path="/home/runner/work/red-and-king-components/red-and-king-components/src/theming/colors/Colors.tsx">
        <metrics statements="5" coveredstatements="5" conditionals="0" coveredconditionals="0" methods="2" coveredmethods="2"/>
        <line num="7" count="1" type="stmt"/>
        <line num="12" count="3" type="stmt"/>
        <line num="16" count="1" type="stmt"/>
        <line num="21" count="1" type="stmt"/>
        <line num="22" count="1" type="stmt"/>
      </file>
    </package>
  </project>
</coverage>
