{"/home/runner/work/red-and-king-components/red-and-king-components/src/components/index.ts": {"path":"/home/runner/work/red-and-king-components/red-and-king-components/src/components/index.ts","statementMap":{},"fnMap":{},"branchMap":{},"s":{},"f":{},"b":{}}
,"/home/runner/work/red-and-king-components/red-and-king-components/src/components/Button/Button.stories.tsx": {"path":"/home/runner/work/red-and-king-components/red-and-king-components/src/components/Button/Button.stories.tsx","statementMap":{"0":{"start":{"line":22,"column":48},"end":{"line":22,"column":76}},"1":{"start":{"line":22,"column":56},"end":{"line":22,"column":76}},"2":{"start":{"line":24,"column":23},"end":{"line":24,"column":40}},"3":{"start":{"line":25,"column":0},"end":{"line":28,"column":2}},"4":{"start":{"line":30,"column":21},"end":{"line":30,"column":38}},"5":{"start":{"line":31,"column":0},"end":{"line":35,"column":2}},"6":{"start":{"line":37,"column":21},"end":{"line":37,"column":38}},"7":{"start":{"line":38,"column":0},"end":{"line":42,"column":2}}},"fnMap":{"0":{"name":"(anonymous_0)","decl":{"start":{"line":22,"column":48},"end":{"line":22,"column":49}},"loc":{"start":{"line":22,"column":56},"end":{"line":22,"column":76}},"line":22}},"branchMap":{},"s":{"0":1,"1":3,"2":1,"3":1,"4":1,"5":1,"6":1,"7":1},"f":{"0":3},"b":{},"_coverageSchema":"1a1c01bbd47fc00a2c39e90264f33305004495a9","hash":"15c9b187e5b032fab1eb494692a9fc653cbc2498"}
,"/home/runner/work/red-and-king-components/red-and-king-components/src/components/Button/Button.tsx": {"path":"/home/runner/work/red-and-king-components/red-and-king-components/src/components/Button/Button.tsx","statementMap":{"0":{"start":{"line":14,"column":26},"end":{"line":59,"column":1}},"1":{"start":{"line":16,"column":4},"end":{"line":22,"column":5}},"2":{"start":{"line":18,"column":8},"end":{"line":21,"column":10}},"3":{"start":{"line":25,"column":4},"end":{"line":31,"column":5}},"4":{"start":{"line":27,"column":8},"end":{"line":30,"column":10}},"5":{"start":{"line":34,"column":4},"end":{"line":57,"column":5}},"6":{"start":{"line":36,"column":8},"end":{"line":41,"column":10}},"7":{"start":{"line":43,"column":8},"end":{"line":48,"column":10}},"8":{"start":{"line":51,"column":8},"end":{"line":56,"column":10}},"9":{"start":{"line":61,"column":28},"end":{"line":74,"column":1}},"10":{"start":{"line":76,"column":15},"end":{"line":80,"column":1}},"11":{"start":{"line":77,"column":2},"end":{"line":79,"column":17}}},"fnMap":{"0":{"name":"(anonymous_0)","decl":{"start":{"line":15,"column":2},"end":{"line":15,"column":3}},"loc":{"start":{"line":15,"column":38},"end":{"line":23,"column":3}},"line":15},"1":{"name":"(anonymous_1)","decl":{"start":{"line":24,"column":2},"end":{"line":24,"column":3}},"loc":{"start":{"line":24,"column":43},"end":{"line":32,"column":3}},"line":24},"2":{"name":"(anonymous_2)","decl":{"start":{"line":33,"column":2},"end":{"line":33,"column":3}},"loc":{"start":{"line":33,"column":36},"end":{"line":58,"column":3}},"line":33},"3":{"name":"(anonymous_3)","decl":{"start":{"line":76,"column":15},"end":{"line":76,"column":16}},"loc":{"start":{"line":77,"column":2},"end":{"line":79,"column":17}},"line":77}},"branchMap":{"0":{"loc":{"start":{"line":16,"column":4},"end":{"line":22,"column":5}},"type":"switch","locations":[{"start":{"line":17,"column":6},"end":{"line":21,"column":10}}],"line":16},"1":{"loc":{"start":{"line":25,"column":4},"end":{"line":31,"column":5}},"type":"switch","locations":[{"start":{"line":26,"column":6},"end":{"line":30,"column":10}}],"line":25},"2":{"loc":{"start":{"line":34,"column":4},"end":{"line":57,"column":5}},"type":"switch","locations":[{"start":{"line":35,"column":6},"end":{"line":41,"column":10}},{"start":{"line":42,"column":6},"end":{"line":48,"column":10}},{"start":{"line":49,"column":6},"end":{"line":49,"column":21}},{"start":{"line":50,"column":6},"end":{"line":56,"column":10}}],"line":34}},"s":{"0":2,"1":11,"2":11,"3":11,"4":11,"5":11,"6":8,"7":1,"8":2,"9":2,"10":2,"11":11},"f":{"0":11,"1":11,"2":11,"3":11},"b":{"0":[11],"1":[11],"2":[8,1,0,2]},"_coverageSchema":"1a1c01bbd47fc00a2c39e90264f33305004495a9","hash":"3e85b2faa0502d47c2d8fd977cb4b71a972d9f5c"}
,"/home/runner/work/red-and-king-components/red-and-king-components/src/stories/Header.stories.tsx": {"path":"/home/runner/work/red-and-king-components/red-and-king-components/src/stories/Header.stories.tsx","statementMap":{"0":{"start":{"line":15,"column":48},"end":{"line":15,"column":76}},"1":{"start":{"line":15,"column":56},"end":{"line":15,"column":76}},"2":{"start":{"line":17,"column":24},"end":{"line":17,"column":41}},"3":{"start":{"line":18,"column":0},"end":{"line":22,"column":2}},"4":{"start":{"line":24,"column":25},"end":{"line":24,"column":42}},"5":{"start":{"line":25,"column":0},"end":{"line":25,"column":20}}},"fnMap":{"0":{"name":"(anonymous_0)","decl":{"start":{"line":15,"column":48},"end":{"line":15,"column":49}},"loc":{"start":{"line":15,"column":56},"end":{"line":15,"column":76}},"line":15}},"branchMap":{},"s":{"0":1,"1":2,"2":1,"3":1,"4":1,"5":1},"f":{"0":2},"b":{},"_coverageSchema":"1a1c01bbd47fc00a2c39e90264f33305004495a9","hash":"b5ed744468f1afd228c8ca93784c7fb6b684a360"}
,"/home/runner/work/red-and-king-components/red-and-king-components/src/stories/Header.tsx": {"path":"/home/runner/work/red-and-king-components/red-and-king-components/src/stories/Header.tsx","statementMap":{"0":{"start":{"line":17,"column":22},"end":{"line":76,"column":1}},"1":{"start":{"line":23,"column":2},"end":{"line":75,"column":11}}},"fnMap":{"0":{"name":"(anonymous_0)","decl":{"start":{"line":17,"column":22},"end":{"line":17,"column":23}},"loc":{"start":{"line":23,"column":2},"end":{"line":75,"column":11}},"line":23}},"branchMap":{"0":{"loc":{"start":{"line":50,"column":9},"end":{"line":72,"column":9}},"type":"cond-expr","locations":[{"start":{"line":51,"column":10},"end":{"line":61,"column":13}},{"start":{"line":63,"column":10},"end":{"line":71,"column":13}}],"line":50}},"s":{"0":1,"1":4},"f":{"0":4},"b":{"0":[1,3]},"_coverageSchema":"1a1c01bbd47fc00a2c39e90264f33305004495a9","hash":"404e8408f16062ecb8bb08530aafe2890b24c8c3"}
,"/home/runner/work/red-and-king-components/red-and-king-components/src/stories/Page.stories.tsx": {"path":"/home/runner/work/red-and-king-components/red-and-king-components/src/stories/Page.stories.tsx","statementMap":{"0":{"start":{"line":15,"column":46},"end":{"line":15,"column":72}},"1":{"start":{"line":15,"column":54},"end":{"line":15,"column":72}},"2":{"start":{"line":17,"column":25},"end":{"line":17,"column":42}},"3":{"start":{"line":19,"column":24},"end":{"line":19,"column":41}},"4":{"start":{"line":22,"column":0},"end":{"line":26,"column":2}},"5":{"start":{"line":23,"column":17},"end":{"line":23,"column":38}},"6":{"start":{"line":24,"column":22},"end":{"line":24,"column":75}},"7":{"start":{"line":25,"column":2},"end":{"line":25,"column":37}}},"fnMap":{"0":{"name":"(anonymous_0)","decl":{"start":{"line":15,"column":46},"end":{"line":15,"column":47}},"loc":{"start":{"line":15,"column":54},"end":{"line":15,"column":72}},"line":15},"1":{"name":"(anonymous_1)","decl":{"start":{"line":22,"column":16},"end":{"line":22,"column":17}},"loc":{"start":{"line":22,"column":45},"end":{"line":26,"column":1}},"line":22}},"branchMap":{},"s":{"0":1,"1":2,"2":1,"3":1,"4":1,"5":0,"6":0,"7":0},"f":{"0":2,"1":0},"b":{},"_coverageSchema":"1a1c01bbd47fc00a2c39e90264f33305004495a9","hash":"b216ccc77f16c262764234cee93aef6067f3fcf3"}
,"/home/runner/work/red-and-king-components/red-and-king-components/src/stories/Page.tsx": {"path":"/home/runner/work/red-and-king-components/red-and-king-components/src/stories/Page.tsx","statementMap":{"0":{"start":{"line":10,"column":31},"end":{"line":91,"column":1}},"1":{"start":{"line":11,"column":26},"end":{"line":11,"column":48}},"2":{"start":{"line":13,"column":2},"end":{"line":90,"column":4}},"3":{"start":{"line":17,"column":23},"end":{"line":17,"column":52}},"4":{"start":{"line":18,"column":24},"end":{"line":18,"column":42}},"5":{"start":{"line":19,"column":31},"end":{"line":19,"column":60}}},"fnMap":{"0":{"name":"(anonymous_0)","decl":{"start":{"line":10,"column":31},"end":{"line":10,"column":32}},"loc":{"start":{"line":10,"column":37},"end":{"line":91,"column":1}},"line":10},"1":{"name":"(anonymous_1)","decl":{"start":{"line":17,"column":17},"end":{"line":17,"column":18}},"loc":{"start":{"line":17,"column":23},"end":{"line":17,"column":52}},"line":17},"2":{"name":"(anonymous_2)","decl":{"start":{"line":18,"column":18},"end":{"line":18,"column":19}},"loc":{"start":{"line":18,"column":24},"end":{"line":18,"column":42}},"line":18},"3":{"name":"(anonymous_3)","decl":{"start":{"line":19,"column":25},"end":{"line":19,"column":26}},"loc":{"start":{"line":19,"column":31},"end":{"line":19,"column":60}},"line":19}},"branchMap":{},"s":{"0":1,"1":2,"2":2,"3":0,"4":0,"5":0},"f":{"0":2,"1":0,"2":0,"3":0},"b":{},"_coverageSchema":"1a1c01bbd47fc00a2c39e90264f33305004495a9","hash":"c78b7df8ea141c44e5441b25d2c514c6645a88fc"}
,"/home/runner/work/red-and-king-components/red-and-king-components/src/styles/GlobalStyles.tsx": {"path":"/home/runner/work/red-and-king-components/red-and-king-components/src/styles/GlobalStyles.tsx","statementMap":{"0":{"start":{"line":3,"column":15},"end":{"line":11,"column":1}},"1":{"start":{"line":13,"column":21},"end":{"line":13,"column":53}},"2":{"start":{"line":13,"column":27},"end":{"line":13,"column":53}}},"fnMap":{"0":{"name":"(anonymous_0)","decl":{"start":{"line":13,"column":21},"end":{"line":13,"column":22}},"loc":{"start":{"line":13,"column":27},"end":{"line":13,"column":53}},"line":13}},"branchMap":{},"s":{"0":0,"1":0,"2":0},"f":{"0":0},"b":{}}
,"/home/runner/work/red-and-king-components/red-and-king-components/src/styles/theme.ts": {"path":"/home/runner/work/red-and-king-components/red-and-king-components/src/styles/theme.ts","statementMap":{"0":{"start":{"line":4,"column":21},"end":{"line":4,"column":35}},"1":{"start":{"line":7,"column":21},"end":{"line":13,"column":1}},"2":{"start":{"line":16,"column":21},"end":{"line":46,"column":1}}},"fnMap":{},"branchMap":{},"s":{"0":2,"1":2,"2":2},"f":{},"b":{},"_coverageSchema":"1a1c01bbd47fc00a2c39e90264f33305004495a9","hash":"b58be94f0ab5fc0a1d592661119e7131b4d60f36"}
,"/home/runner/work/red-and-king-components/red-and-king-components/src/theming/colors/Colors.stories.tsx": {"path":"/home/runner/work/red-and-king-components/red-and-king-components/src/theming/colors/Colors.stories.tsx","statementMap":{"0":{"start":{"line":10,"column":48},"end":{"line":10,"column":66}},"1":{"start":{"line":10,"column":56},"end":{"line":10,"column":66}},"2":{"start":{"line":12,"column":28},"end":{"line":12,"column":45}}},"fnMap":{"0":{"name":"(anonymous_0)","decl":{"start":{"line":10,"column":48},"end":{"line":10,"column":49}},"loc":{"start":{"line":10,"column":56},"end":{"line":10,"column":66}},"line":10}},"branchMap":{},"s":{"0":1,"1":1,"2":1},"f":{"0":1},"b":{},"_coverageSchema":"1a1c01bbd47fc00a2c39e90264f33305004495a9","hash":"40b573cde6c0a837a0a25e6822cd8e9c76b89dc8"}
,"/home/runner/work/red-and-king-components/red-and-king-components/src/theming/colors/Colors.tsx": {"path":"/home/runner/work/red-and-king-components/red-and-king-components/src/theming/colors/Colors.tsx","statementMap":{"0":{"start":{"line":7,"column":18},"end":{"line":14,"column":1}},"1":{"start":{"line":12,"column":41},"end":{"line":12,"column":63}},"2":{"start":{"line":16,"column":22},"end":{"line":19,"column":1}},"3":{"start":{"line":21,"column":15},"end":{"line":35,"column":1}},"4":{"start":{"line":22,"column":2},"end":{"line":34,"column":5}}},"fnMap":{"0":{"name":"(anonymous_0)","decl":{"start":{"line":12,"column":22},"end":{"line":12,"column":23}},"loc":{"start":{"line":12,"column":41},"end":{"line":12,"column":63}},"line":12},"1":{"name":"(anonymous_1)","decl":{"start":{"line":21,"column":15},"end":{"line":21,"column":16}},"loc":{"start":{"line":22,"column":2},"end":{"line":34,"column":5}},"line":22}},"branchMap":{},"s":{"0":1,"1":3,"2":1,"3":1,"4":1},"f":{"0":3,"1":1},"b":{},"_coverageSchema":"1a1c01bbd47fc00a2c39e90264f33305004495a9","hash":"2a77d9227f1f8978e51443f0537fbbbd182cdd80"}
}
