{"/home/runner/work/red-and-king-components/red-and-king-components/src/components/index.ts": {"path":"/home/runner/work/red-and-king-components/red-and-king-components/src/components/index.ts","statementMap":{},"fnMap":{},"branchMap":{},"s":{},"f":{},"b":{}}
,"/home/runner/work/red-and-king-components/red-and-king-components/src/components/Button/Button.stories.tsx": {"path":"/home/runner/work/red-and-king-components/red-and-king-components/src/components/Button/Button.stories.tsx","statementMap":{"0":{"start":{"line":22,"column":48},"end":{"line":22,"column":76}},"1":{"start":{"line":22,"column":56},"end":{"line":22,"column":76}},"2":{"start":{"line":24,"column":23},"end":{"line":24,"column":40}},"3":{"start":{"line":25,"column":0},"end":{"line":28,"column":2}},"4":{"start":{"line":30,"column":21},"end":{"line":30,"column":38}},"5":{"start":{"line":31,"column":0},"end":{"line":35,"column":2}},"6":{"start":{"line":37,"column":21},"end":{"line":37,"column":38}},"7":{"start":{"line":38,"column":0},"end":{"line":42,"column":2}},"8":{"start":{"line":44,"column":22},"end":{"line":44,"column":39}},"9":{"start":{"line":45,"column":0},"end":{"line":49,"column":2}}},"fnMap":{"0":{"name":"(anonymous_0)","decl":{"start":{"line":22,"column":48},"end":{"line":22,"column":49}},"loc":{"start":{"line":22,"column":56},"end":{"line":22,"column":76}},"line":22}},"branchMap":{},"s":{"0":1,"1":4,"2":1,"3":1,"4":1,"5":1,"6":1,"7":1,"8":1,"9":1},"f":{"0":4},"b":{},"_coverageSchema":"1a1c01bbd47fc00a2c39e90264f33305004495a9","hash":"56bc742d48e3e8288939c8a0c44121120329d3b9"}
,"/home/runner/work/red-and-king-components/red-and-king-components/src/components/Button/Button.tsx": {"path":"/home/runner/work/red-and-king-components/red-and-king-components/src/components/Button/Button.tsx","statementMap":{"0":{"start":{"line":14,"column":26},"end":{"line":62,"column":1}},"1":{"start":{"line":16,"column":4},"end":{"line":22,"column":5}},"2":{"start":{"line":18,"column":8},"end":{"line":21,"column":10}},"3":{"start":{"line":25,"column":4},"end":{"line":31,"column":5}},"4":{"start":{"line":27,"column":8},"end":{"line":30,"column":10}},"5":{"start":{"line":34,"column":4},"end":{"line":60,"column":5}},"6":{"start":{"line":36,"column":8},"end":{"line":40,"column":10}},"7":{"start":{"line":42,"column":8},"end":{"line":46,"column":10}},"8":{"start":{"line":48,"column":8},"end":{"line":52,"column":10}},"9":{"start":{"line":55,"column":8},"end":{"line":59,"column":10}},"10":{"start":{"line":64,"column":28},"end":{"line":78,"column":1}},"11":{"start":{"line":80,"column":15},"end":{"line":84,"column":1}},"12":{"start":{"line":81,"column":2},"end":{"line":83,"column":17}}},"fnMap":{"0":{"name":"(anonymous_0)","decl":{"start":{"line":15,"column":2},"end":{"line":15,"column":3}},"loc":{"start":{"line":15,"column":38},"end":{"line":23,"column":3}},"line":15},"1":{"name":"(anonymous_1)","decl":{"start":{"line":24,"column":2},"end":{"line":24,"column":3}},"loc":{"start":{"line":24,"column":43},"end":{"line":32,"column":3}},"line":24},"2":{"name":"(anonymous_2)","decl":{"start":{"line":33,"column":2},"end":{"line":33,"column":3}},"loc":{"start":{"line":33,"column":36},"end":{"line":61,"column":3}},"line":33},"3":{"name":"(anonymous_3)","decl":{"start":{"line":80,"column":15},"end":{"line":80,"column":16}},"loc":{"start":{"line":81,"column":2},"end":{"line":83,"column":17}},"line":81}},"branchMap":{"0":{"loc":{"start":{"line":16,"column":4},"end":{"line":22,"column":5}},"type":"switch","locations":[{"start":{"line":17,"column":6},"end":{"line":21,"column":10}}],"line":16},"1":{"loc":{"start":{"line":25,"column":4},"end":{"line":31,"column":5}},"type":"switch","locations":[{"start":{"line":26,"column":6},"end":{"line":30,"column":10}}],"line":25},"2":{"loc":{"start":{"line":34,"column":4},"end":{"line":60,"column":5}},"type":"switch","locations":[{"start":{"line":35,"column":6},"end":{"line":40,"column":10}},{"start":{"line":41,"column":6},"end":{"line":46,"column":10}},{"start":{"line":47,"column":6},"end":{"line":52,"column":10}},{"start":{"line":53,"column":6},"end":{"line":53,"column":21}},{"start":{"line":54,"column":6},"end":{"line":59,"column":10}}],"line":34}},"s":{"0":2,"1":12,"2":12,"3":12,"4":12,"5":12,"6":1,"7":8,"8":1,"9":2,"10":2,"11":2,"12":12},"f":{"0":12,"1":12,"2":12,"3":12},"b":{"0":[12],"1":[12],"2":[1,8,1,0,2]},"_coverageSchema":"1a1c01bbd47fc00a2c39e90264f33305004495a9","hash":"1db54eaa0e7cf7b7fcc724c3c2fcf074a7036788"}
,"/home/runner/work/red-and-king-components/red-and-king-components/src/stories/Header.stories.tsx": {"path":"/home/runner/work/red-and-king-components/red-and-king-components/src/stories/Header.stories.tsx","statementMap":{"0":{"start":{"line":15,"column":48},"end":{"line":15,"column":76}},"1":{"start":{"line":15,"column":56},"end":{"line":15,"column":76}},"2":{"start":{"line":17,"column":24},"end":{"line":17,"column":41}},"3":{"start":{"line":18,"column":0},"end":{"line":22,"column":2}},"4":{"start":{"line":24,"column":25},"end":{"line":24,"column":42}},"5":{"start":{"line":25,"column":0},"end":{"line":25,"column":20}}},"fnMap":{"0":{"name":"(anonymous_0)","decl":{"start":{"line":15,"column":48},"end":{"line":15,"column":49}},"loc":{"start":{"line":15,"column":56},"end":{"line":15,"column":76}},"line":15}},"branchMap":{},"s":{"0":1,"1":2,"2":1,"3":1,"4":1,"5":1},"f":{"0":2},"b":{},"_coverageSchema":"1a1c01bbd47fc00a2c39e90264f33305004495a9","hash":"b5ed744468f1afd228c8ca93784c7fb6b684a360"}
,"/home/runner/work/red-and-king-components/red-and-king-components/src/stories/Header.tsx": {"path":"/home/runner/work/red-and-king-components/red-and-king-components/src/stories/Header.tsx","statementMap":{"0":{"start":{"line":17,"column":22},"end":{"line":76,"column":1}},"1":{"start":{"line":23,"column":2},"end":{"line":75,"column":11}}},"fnMap":{"0":{"name":"(anonymous_0)","decl":{"start":{"line":17,"column":22},"end":{"line":17,"column":23}},"loc":{"start":{"line":23,"column":2},"end":{"line":75,"column":11}},"line":23}},"branchMap":{"0":{"loc":{"start":{"line":50,"column":9},"end":{"line":72,"column":9}},"type":"cond-expr","locations":[{"start":{"line":51,"column":10},"end":{"line":61,"column":13}},{"start":{"line":63,"column":10},"end":{"line":71,"column":13}}],"line":50}},"s":{"0":1,"1":4},"f":{"0":4},"b":{"0":[1,3]},"_coverageSchema":"1a1c01bbd47fc00a2c39e90264f33305004495a9","hash":"404e8408f16062ecb8bb08530aafe2890b24c8c3"}
,"/home/runner/work/red-and-king-components/red-and-king-components/src/stories/Page.stories.tsx": {"path":"/home/runner/work/red-and-king-components/red-and-king-components/src/stories/Page.stories.tsx","statementMap":{"0":{"start":{"line":15,"column":46},"end":{"line":15,"column":72}},"1":{"start":{"line":15,"column":54},"end":{"line":15,"column":72}},"2":{"start":{"line":17,"column":25},"end":{"line":17,"column":42}},"3":{"start":{"line":19,"column":24},"end":{"line":19,"column":41}},"4":{"start":{"line":22,"column":0},"end":{"line":26,"column":2}},"5":{"start":{"line":23,"column":17},"end":{"line":23,"column":38}},"6":{"start":{"line":24,"column":22},"end":{"line":24,"column":75}},"7":{"start":{"line":25,"column":2},"end":{"line":25,"column":37}}},"fnMap":{"0":{"name":"(anonymous_0)","decl":{"start":{"line":15,"column":46},"end":{"line":15,"column":47}},"loc":{"start":{"line":15,"column":54},"end":{"line":15,"column":72}},"line":15},"1":{"name":"(anonymous_1)","decl":{"start":{"line":22,"column":16},"end":{"line":22,"column":17}},"loc":{"start":{"line":22,"column":45},"end":{"line":26,"column":1}},"line":22}},"branchMap":{},"s":{"0":1,"1":2,"2":1,"3":1,"4":1,"5":0,"6":0,"7":0},"f":{"0":2,"1":0},"b":{},"_coverageSchema":"1a1c01bbd47fc00a2c39e90264f33305004495a9","hash":"b216ccc77f16c262764234cee93aef6067f3fcf3"}
,"/home/runner/work/red-and-king-components/red-and-king-components/src/stories/Page.tsx": {"path":"/home/runner/work/red-and-king-components/red-and-king-components/src/stories/Page.tsx","statementMap":{"0":{"start":{"line":10,"column":31},"end":{"line":91,"column":1}},"1":{"start":{"line":11,"column":26},"end":{"line":11,"column":48}},"2":{"start":{"line":13,"column":2},"end":{"line":90,"column":4}},"3":{"start":{"line":17,"column":23},"end":{"line":17,"column":52}},"4":{"start":{"line":18,"column":24},"end":{"line":18,"column":42}},"5":{"start":{"line":19,"column":31},"end":{"line":19,"column":60}}},"fnMap":{"0":{"name":"(anonymous_0)","decl":{"start":{"line":10,"column":31},"end":{"line":10,"column":32}},"loc":{"start":{"line":10,"column":37},"end":{"line":91,"column":1}},"line":10},"1":{"name":"(anonymous_1)","decl":{"start":{"line":17,"column":17},"end":{"line":17,"column":18}},"loc":{"start":{"line":17,"column":23},"end":{"line":17,"column":52}},"line":17},"2":{"name":"(anonymous_2)","decl":{"start":{"line":18,"column":18},"end":{"line":18,"column":19}},"loc":{"start":{"line":18,"column":24},"end":{"line":18,"column":42}},"line":18},"3":{"name":"(anonymous_3)","decl":{"start":{"line":19,"column":25},"end":{"line":19,"column":26}},"loc":{"start":{"line":19,"column":31},"end":{"line":19,"column":60}},"line":19}},"branchMap":{},"s":{"0":1,"1":2,"2":2,"3":0,"4":0,"5":0},"f":{"0":2,"1":0,"2":0,"3":0},"b":{},"_coverageSchema":"1a1c01bbd47fc00a2c39e90264f33305004495a9","hash":"c78b7df8ea141c44e5441b25d2c514c6645a88fc"}
,"/home/runner/work/red-and-king-components/red-and-king-components/src/styles/GlobalStyle.tsx": {"path":"/home/runner/work/red-and-king-components/red-and-king-components/src/styles/GlobalStyle.tsx","statementMap":{"0":{"start":{"line":4,"column":20},"end":{"line":12,"column":1}}},"fnMap":{},"branchMap":{},"s":{"0":1},"f":{},"b":{},"_coverageSchema":"1a1c01bbd47fc00a2c39e90264f33305004495a9","hash":"fc39334b4768e21773c6cca7c7b3acf83c494136"}
,"/home/runner/work/red-and-king-components/red-and-king-components/src/styles/theme.ts": {"path":"/home/runner/work/red-and-king-components/red-and-king-components/src/styles/theme.ts","statementMap":{"0":{"start":{"line":4,"column":21},"end":{"line":4,"column":35}},"1":{"start":{"line":7,"column":21},"end":{"line":13,"column":1}},"2":{"start":{"line":16,"column":21},"end":{"line":49,"column":1}}},"fnMap":{},"branchMap":{},"s":{"0":2,"1":2,"2":2},"f":{},"b":{},"_coverageSchema":"1a1c01bbd47fc00a2c39e90264f33305004495a9","hash":"6e3bf7feff1e2a4982f3b7f6c3118487dc16d66e"}
,"/home/runner/work/red-and-king-components/red-and-king-components/src/theming/colors/Colors.stories.tsx": {"path":"/home/runner/work/red-and-king-components/red-and-king-components/src/theming/colors/Colors.stories.tsx","statementMap":{"0":{"start":{"line":10,"column":48},"end":{"line":10,"column":66}},"1":{"start":{"line":10,"column":56},"end":{"line":10,"column":66}},"2":{"start":{"line":12,"column":28},"end":{"line":12,"column":45}}},"fnMap":{"0":{"name":"(anonymous_0)","decl":{"start":{"line":10,"column":48},"end":{"line":10,"column":49}},"loc":{"start":{"line":10,"column":56},"end":{"line":10,"column":66}},"line":10}},"branchMap":{},"s":{"0":1,"1":1,"2":1},"f":{"0":1},"b":{},"_coverageSchema":"1a1c01bbd47fc00a2c39e90264f33305004495a9","hash":"40b573cde6c0a837a0a25e6822cd8e9c76b89dc8"}
,"/home/runner/work/red-and-king-components/red-and-king-components/src/theming/colors/Colors.tsx": {"path":"/home/runner/work/red-and-king-components/red-and-king-components/src/theming/colors/Colors.tsx","statementMap":{"0":{"start":{"line":7,"column":18},"end":{"line":14,"column":1}},"1":{"start":{"line":12,"column":41},"end":{"line":12,"column":63}},"2":{"start":{"line":16,"column":22},"end":{"line":19,"column":1}},"3":{"start":{"line":21,"column":15},"end":{"line":35,"column":1}},"4":{"start":{"line":22,"column":2},"end":{"line":34,"column":5}}},"fnMap":{"0":{"name":"(anonymous_0)","decl":{"start":{"line":12,"column":22},"end":{"line":12,"column":23}},"loc":{"start":{"line":12,"column":41},"end":{"line":12,"column":63}},"line":12},"1":{"name":"(anonymous_1)","decl":{"start":{"line":21,"column":15},"end":{"line":21,"column":16}},"loc":{"start":{"line":22,"column":2},"end":{"line":34,"column":5}},"line":22}},"branchMap":{},"s":{"0":1,"1":3,"2":1,"3":1,"4":1},"f":{"0":3,"1":1},"b":{},"_coverageSchema":"1a1c01bbd47fc00a2c39e90264f33305004495a9","hash":"2a77d9227f1f8978e51443f0537fbbbd182cdd80"}
}
