TN:
SF:src/components/index.ts
FNF:0
FNH:0
LF:0
LH:0
BRF:0
BRH:0
end_of_record
TN:
SF:src/components/Button/Button.stories.tsx
FN:22,(anonymous_0)
FNF:1
FNH:1
FNDA:4,(anonymous_0)
DA:22,4
DA:24,1
DA:25,1
DA:30,1
DA:31,1
DA:37,1
DA:38,1
DA:44,1
DA:45,1
LF:9
LH:9
BRF:0
BRH:0
end_of_record
TN:
SF:src/components/Button/Button.tsx
FN:15,(anonymous_0)
FN:24,(anonymous_1)
FN:33,(anonymous_2)
FN:80,(anonymous_3)
FNF:4
FNH:4
FNDA:12,(anonymous_0)
FNDA:12,(anonymous_1)
FNDA:12,(anonymous_2)
FNDA:12,(anonymous_3)
DA:14,2
DA:16,12
DA:18,12
DA:25,12
DA:27,12
DA:34,12
DA:36,1
DA:42,8
DA:48,1
DA:55,2
DA:64,2
DA:80,2
DA:81,12
LF:13
LH:13
BRDA:16,0,0,12
BRDA:25,1,0,12
BRDA:34,2,0,1
BRDA:34,2,1,8
BRDA:34,2,2,1
BRDA:34,2,3,0
BRDA:34,2,4,2
BRF:7
BRH:6
end_of_record
TN:
SF:src/stories/Header.stories.tsx
FN:15,(anonymous_0)
FNF:1
FNH:1
FNDA:2,(anonymous_0)
DA:15,2
DA:17,1
DA:18,1
DA:24,1
DA:25,1
LF:5
LH:5
BRF:0
BRH:0
end_of_record
TN:
SF:src/stories/Header.tsx
FN:17,(anonymous_0)
FNF:1
FNH:1
FNDA:4,(anonymous_0)
DA:17,1
DA:23,4
LF:2
LH:2
BRDA:50,0,0,1
BRDA:50,0,1,3
BRF:2
BRH:2
end_of_record
TN:
SF:src/stories/Page.stories.tsx
FN:15,(anonymous_0)
FN:22,(anonymous_1)
FNF:2
FNH:1
FNDA:2,(anonymous_0)
FNDA:0,(anonymous_1)
DA:15,2
DA:17,1
DA:19,1
DA:22,1
DA:23,0
DA:24,0
DA:25,0
LF:7
LH:4
BRF:0
BRH:0
end_of_record
TN:
SF:src/stories/Page.tsx
FN:10,(anonymous_0)
FN:17,(anonymous_1)
FN:18,(anonymous_2)
FN:19,(anonymous_3)
FNF:4
FNH:1
FNDA:2,(anonymous_0)
FNDA:0,(anonymous_1)
FNDA:0,(anonymous_2)
FNDA:0,(anonymous_3)
DA:10,1
DA:11,2
DA:13,2
DA:17,0
DA:18,0
DA:19,0
LF:6
LH:3
BRF:0
BRH:0
end_of_record
TN:
SF:src/styles/GlobalStyle.tsx
FNF:0
FNH:0
DA:4,1
LF:1
LH:1
BRF:0
BRH:0
end_of_record
TN:
SF:src/styles/theme.ts
FNF:0
FNH:0
DA:4,2
DA:7,2
DA:16,2
LF:3
LH:3
BRF:0
BRH:0
end_of_record
TN:
SF:src/theming/colors/Colors.stories.tsx
FN:10,(anonymous_0)
FNF:1
FNH:1
FNDA:1,(anonymous_0)
DA:10,1
DA:12,1
LF:2
LH:2
BRF:0
BRH:0
end_of_record
TN:
SF:src/theming/colors/Colors.tsx
FN:9,(anonymous_0)
FN:18,(anonymous_1)
FN:20,(anonymous_2)
FNF:3
FNH:3
FNDA:3,(anonymous_0)
FNDA:1,(anonymous_1)
FNDA:3,(anonymous_2)
DA:4,1
DA:9,3
DA:13,1
DA:18,1
DA:19,1
DA:21,3
LF:6
LH:6
BRF:0
BRH:0
end_of_record
