TN:
SF:src/components/index.ts
FNF:0
FNH:0
LF:0
LH:0
BRF:0
BRH:0
end_of_record
TN:
SF:src/components/Button/Button.stories.tsx
FN:22,(anonymous_0)
FNF:1
FNH:1
FNDA:6,(anonymous_0)
DA:22,6
DA:24,1
DA:25,1
DA:30,1
DA:31,1
DA:37,1
DA:38,1
DA:44,1
DA:45,1
DA:50,1
DA:51,1
DA:57,1
DA:58,1
LF:13
LH:13
BRF:0
BRH:0
end_of_record
TN:
SF:src/components/Button/Button.tsx
FN:15,(anonymous_0)
FN:31,(anonymous_1)
FN:45,(anonymous_2)
FN:82,(anonymous_3)
FNF:4
FNH:4
FNDA:7,(anonymous_0)
FNDA:7,(anonymous_1)
FNDA:7,(anonymous_2)
FNDA:7,(anonymous_3)
DA:14,2
DA:16,7
DA:18,3
DA:25,4
DA:32,7
DA:34,3
DA:40,4
DA:46,7
DA:48,2
DA:54,2
DA:61,3
DA:70,2
DA:82,2
DA:83,7
LF:14
LH:14
BRDA:16,0,0,3
BRDA:16,0,1,3
BRDA:16,0,2,4
BRDA:32,1,0,3
BRDA:32,1,1,3
BRDA:32,1,2,4
BRDA:46,2,0,2
BRDA:46,2,1,2
BRDA:46,2,2,0
BRDA:46,2,3,3
BRF:10
BRH:9
end_of_record
TN:
SF:src/design-tokens/DesignTokensInterfaces.ts
FNF:0
FNH:0
LF:0
LH:0
BRF:0
BRH:0
end_of_record
TN:
SF:src/design-tokens/Colors/ColorCard.tsx
FN:12,(anonymous_0)
FN:13,(anonymous_1)
FNF:2
FNH:2
FNDA:12,(anonymous_0)
FNDA:12,(anonymous_1)
DA:8,1
DA:12,12
DA:13,12
LF:3
LH:3
BRF:0
BRH:0
end_of_record
TN:
SF:src/design-tokens/Colors/ColorCardsList.tsx
FN:26,(anonymous_0)
FNF:1
FNH:1
FNDA:12,(anonymous_0)
DA:8,1
DA:26,1
DA:27,12
LF:3
LH:3
BRF:0
BRH:0
end_of_record
TN:
SF:src/design-tokens/Colors/Colors.stories.tsx
FN:10,(anonymous_0)
FNF:1
FNH:1
FNDA:1,(anonymous_0)
DA:10,1
DA:12,1
LF:2
LH:2
BRF:0
BRH:0
end_of_record
TN:
SF:src/design-tokens/Colors/ColorsList.tsx
FN:12,(anonymous_0)
FN:16,(anonymous_1)
FN:35,(anonymous_2)
FNF:3
FNH:2
FNDA:1,(anonymous_0)
FNDA:12,(anonymous_1)
FNDA:0,(anonymous_2)
DA:10,1
DA:12,1
DA:13,1
DA:17,12
DA:18,12
DA:19,12
DA:30,0
DA:31,0
DA:32,0
DA:36,0
DA:47,0
LF:11
LH:6
BRDA:17,0,0,12
BRDA:17,0,1,0
BRDA:30,1,0,0
BRDA:30,1,1,0
BRDA:30,2,0,0
BRDA:30,2,1,0
BRF:6
BRH:1
end_of_record
TN:
SF:src/design-tokens/Colors/getCorrectTextColor.ts
FN:1,(anonymous_0)
FN:3,(anonymous_1)
FN:5,(anonymous_2)
FN:7,(anonymous_3)
FN:9,(anonymous_4)
FNF:5
FNH:5
FNDA:12,(anonymous_0)
FNDA:12,(anonymous_1)
FNDA:12,(anonymous_2)
FNDA:36,(anonymous_3)
FNDA:12,(anonymous_4)
DA:1,12
DA:3,12
DA:5,12
DA:7,36
DA:9,1
DA:10,12
DA:11,12
DA:12,12
DA:13,12
DA:14,12
DA:15,12
DA:16,6
DA:18,6
LF:13
LH:13
BRDA:7,0,0,36
BRDA:7,0,1,0
BRDA:15,1,0,6
BRDA:15,1,1,6
BRF:4
BRH:3
end_of_record
TN:
SF:src/styles/GlobalStyles.tsx
FN:13,(anonymous_0)
FNF:1
FNH:0
FNDA:0,(anonymous_0)
DA:3,0
DA:13,0
LF:2
LH:0
BRF:0
BRH:0
end_of_record
TN:
SF:src/styles/theme.ts
FNF:0
FNH:0
LF:0
LH:0
BRF:0
BRH:0
end_of_record
